1140 total battles found
398 battles with wildcards were excluded
6 unresolved battles were excluded
510 useable two hand battles remained

Hand win rate in two-hand battles

Colossus/VoidRay
1 battles found
0.0
Mutalisk/SwarmHostBurrowed
1 battles found
0.0
Baneling/Ultralisk
1 battles found
0.0
Carrier/Liberator
1 battles found
0.0
Oracle/Raven
4 battles found
0.0
Baneling/Reaper
1 battles found
0.0
Oracle/SiegeTankSieged
1 battles found
0.0
Banshee/Ghost
1 battles found
0.0
Banshee/VoidRay
2 battles found
0.0
Archon/Lurker
1 battles found
0.0
Raven/Ultralisk
1 battles found
0.0
Oracle/SwarmHostBurrowed
1 battles found
0.0
Adept/Liberator
1 battles found
0.0
Cyclone/VoidRay
1 battles found
0.0
BattleHellion/VoidRay
3 battles found
0.0
Mothership/Thor
1 battles found
0.0
Adept/Roach
1 battles found
0.0
BattleHellion/Colossus
1 battles found
0.0
Raven/Stalker
2 battles found
0.0
Battlecruiser/Stalker
2 battles found
0.0
Immortal/Raven
1 battles found
0.0
Baneling/BroodLord
2 battles found
0.0
BattleHellion/Marauder
1 battles found
0.0
Tempest/Zealot
1 battles found
0.0
Corruptor/Oracle
2 battles found
0.0
ThorAP/VikingAssault
1 battles found
0.0
Battlecruiser/Zergling
1 battles found
0.0
Immortal/VoidRay
2 battles found
0.0
Banshee/HighTemplar
2 battles found
0.0
Baneling/WidowMine
2 battles found
0.0
Hydralisk/Reaper
1 battles found
0.0
Banshee/Raven
1 battles found
0.0
Archon/Ravager
1 battles found
0.0
Lurker/Roach
1 battles found
0.0
Archon/Stalker
2 battles found
0.0
Adept/SwarmHostBurrowed
2 battles found
0.0
BroodLord/VoidRay
3 battles found
0.0
Banshee/Stalker
2 battles found
0.0
Medivac/Queen
1 battles found
0.0
Ghost/Tempest
1 battles found
0.0
HighTemplar/Mutalisk
2 battles found
0.0
Corruptor/Reaper
1 battles found
0.0
Phoenix/Raven
6 battles found
0.0
Baneling/HighTemplar
1 battles found
0.0
Baneling/Mutalisk
1 battles found
0.0
Raven/Thor
1 battles found
0.0
Archon/Hellion
1 battles found
0.0
Banshee/BroodLord
1 battles found
0.0
DarkTemplar/Liberator
1 battles found
0.0
Phoenix/Ravager
2 battles found
0.0
Archon/Liberator
1 battles found
0.0
Mutalisk/Tempest
1 battles found
0.0
Baneling/Queen
1 battles found
0.0
Carrier/WidowMineBurrowed
2 battles found
0.0
Adept/Battlecruiser
2 battles found
0.0
Ravager/Zergling
1 battles found
0.0
Raven/VikingAssault
1 battles found
0.0
LurkerBurrowed/Mutalisk
3 battles found
0.0
BroodLord/SiegeTankSieged
1 battles found
0.0
Colossus/Mutalisk
2 battles found
0.0
Queen/SwarmHostBurrowed
2 battles found
0.0
BattleHellion/VikingAssault
1 battles found
0.0
Hydralisk/Roach
1 battles found
0.0
DarkTemplar/Ghost
1 battles found
0.0
Phoenix/Tempest
1 battles found
0.0
Marine/Reaper
1 battles found
0.0
Adept/Corruptor
2 battles found
0.0
Immortal/Ravager
1 battles found
0.0
BattleHellion/ThorAP
2 battles found
0.0
Archon/Roach
1 battles found
0.0
Cyclone/Marauder
1 battles found
0.0
Raven/ThorAP
1 battles found
0.0
HighTemplar/Hydralisk
1 battles found
0.0
Hydralisk/Infestor
2 battles found
0.0
Ultralisk/VoidRay
1 battles found
0.0
Hydralisk/Tempest
2 battles found
0.0
Cyclone/Ghost
1 battles found
0.0
Corruptor/VoidRay
2 battles found
0.0
Cyclone/Hydralisk
1 battles found
0.0
Ravager/ThorAP
1 battles found
0.0
Colossus/Stalker
3 battles found
0.0
Phoenix/ThorAP
1 battles found
0.0
Banshee/Thor
1 battles found
0.0
Mutalisk/Oracle
1 battles found
0.0
Banshee/Colossus
1 battles found
0.0
Baneling/Hydralisk
1 battles found
0.0
BattleHellion/HighTemplar
2 battles found
0.0
Infestor/Roach
1 battles found
0.0
Ghost/Roach
1 battles found
0.0
LiberatorAG/Stalker
1 battles found
0.0
Mutalisk/Roach
1 battles found
0.0
Adept/Marauder
1 battles found
0.0
Colossus/SwarmHostBurrowed
2 battles found
0.0
Liberator/Marine
1 battles found
0.0
Baneling/Colossus
2 battles found
0.0
Baneling/Banshee
1 battles found
0.0
Colossus/Corruptor
1 battles found
0.0
Marine/Oracle
3 battles found
0.0
Queen/SiegeTank
1 battles found
0.0
Phoenix/VikingAssault
1 battles found
0.0
Banshee/Zealot
2 battles found
0.0
HighTemplar/Marine
1 battles found
0.0
Marauder/Raven
2 battles found
0.0
Hydralisk/VoidRay
2 battles found
0.0
BattleHellion/Mothership
1 battles found
0.0
Hydralisk/Oracle
1 battles found
0.0
Cyclone/Reaper
1 battles found
0.0
Banshee/Mothership
1 battles found
0.0
Colossus/SiegeTankSieged
1 battles found
0.0
VikingAssault/Zergling
1 battles found
0.0
BattleHellion/Medivac
1 battles found
0.0
Mutalisk/Ravager
1 battles found
0.0
Adept/Stalker
2 battles found
0.0
Raven/Tempest
1 battles found
0.0
BattleHellion/LurkerBurrowed
1 battles found
0.0
Ghost/VikingAssault
1 battles found
0.0
Immortal/ThorAP
2 battles found
0.0
Battlecruiser/Viking
1 battles found
0.0
Adept/Colossus
1 battles found
0.0
Reaper/WidowMine
1 battles found
0.0
Ravager/Roach
1 battles found
0.0
Banshee/Zergling
1 battles found
0.0
Hydralisk/Raven
1 battles found
0.0
Tempest/Thor
1 battles found
0.0
Mothership/Tempest
1 battles found
0.0
Ravager/Raven
1 battles found
0.0
Archon/Zealot
1 battles found
0.0
Ghost/SiegeTank
1 battles found
0.0
Lurker/Thor
1 battles found
0.0
Liberator/LurkerBurrowed
1 battles found
0.0
Ghost/Stalker
1 battles found
0.0
Cyclone/Thor
1 battles found
0.0
DarkTemplar/LiberatorAG
1 battles found
0.0
Infestor/VoidRay
1 battles found
0.0
Hellion/Tempest
1 battles found
0.0
Banshee/Marauder
1 battles found
0.0
Corruptor/Ghost
1 battles found
0.0
Mutalisk/Ultralisk
1 battles found
0.0
Adept/Infestor
1 battles found
0.0
Colossus/Queen
1 battles found
0.0
Ghost/Immortal
1 battles found
0.0
Raven/Viking
1 battles found
0.0
SiegeTank/Tempest
1 battles found
0.0
Banshee/Tempest
1 battles found
0.0
Corruptor/Liberator
1 battles found
0.0
Corruptor/Mothership
1 battles found
0.0
BattleHellion/Ravager
1 battles found
0.0
BroodLord/Ravager
1 battles found
0.0
LiberatorAG/Ravager
1 battles found
0.0
Queen/ThorAP
1 battles found
0.0
LiberatorAG/Ultralisk
1 battles found
0.0
Cyclone/Infestor
1 battles found
0.0
BattleHellion/Viking
1 battles found
0.0
Colossus/Roach
3 battles found
0.16666666666666666
Carrier/Zealot
3 battles found
0.16666666666666666
Carrier/SiegeTankSieged
3 battles found
0.16666666666666666
Battlecruiser/HighTemplar
3 battles found
0.16666666666666666
HighTemplar/Raven
3 battles found
0.16666666666666666
Immortal/Phoenix
5 battles found
0.2
Battlecruiser/BroodLord
5 battles found
0.2
Corruptor/SwarmHostBurrowed
2 battles found
0.25
Adept/Baneling
2 battles found
0.25
Queen/Ravager
2 battles found
0.25
Tempest/Zergling
4 battles found
0.25
Marauder/Tempest
2 battles found
0.25
DarkTemplar/Hellion
2 battles found
0.25
Archon/Oracle
2 battles found
0.25
Battlecruiser/WidowMineBurrowed
2 battles found
0.25
DarkTemplar/Tempest
4 battles found
0.25
Stalker/Ultralisk
2 battles found
0.25
Battlecruiser/Queen
4 battles found
0.25
Ghost/Medivac
2 battles found
0.25
Lurker/Raven
2 battles found
0.25
Adept/HighTemplar
4 battles found
0.25
BroodLord/Ultralisk
4 battles found
0.25
DarkTemplar/SiegeTank
2 battles found
0.25
Lurker/Ravager
2 battles found
0.25
Adept/Oracle
2 battles found
0.25
DarkTemplar/Marine
2 battles found
0.25
Corruptor/ThorAP
2 battles found
0.25
Mutalisk/Queen
2 battles found
0.25
BroodLord/Mothership
2 battles found
0.25
Corruptor/Cyclone
2 battles found
0.25
BattleHellion/Carrier
2 battles found
0.25
Adept/BroodLord
2 battles found
0.25
Immortal/Roach
2 battles found
0.25
Corruptor/Queen
2 battles found
0.25
Mutalisk/Stalker
2 battles found
0.25
DarkTemplar/VikingAssault
2 battles found
0.25
Infestor/ThorAP
2 battles found
0.25
Baneling/Oracle
2 battles found
0.25
Adept/Ultralisk
2 battles found
0.25
Archon/Carrier
2 battles found
0.25
BroodLord/Colossus
2 battles found
0.25
DarkTemplar/Zergling
2 battles found
0.25
Carrier/Phoenix
5 battles found
0.3
Battlecruiser/Liberator
5 battles found
0.3
Mutalisk/Phoenix
3 battles found
0.3333333333333333
Colossus/HighTemplar
3 battles found
0.3333333333333333
HighTemplar/VoidRay
3 battles found
0.3333333333333333
Carrier/Zergling
3 battles found
0.3333333333333333
Battlecruiser/Tempest
3 battles found
0.3333333333333333
Archon/BroodLord
3 battles found
0.3333333333333333
Carrier/SwarmHostBurrowed
3 battles found
0.3333333333333333
Battlecruiser/SiegeTank
3 battles found
0.3333333333333333
Archon/Raven
3 battles found
0.3333333333333333
Oracle/Zergling
3 battles found
0.3333333333333333
Cyclone/Marine
3 battles found
0.3333333333333333
Archon/VikingAssault
3 battles found
0.3333333333333333
Cyclone/Ultralisk
3 battles found
0.3333333333333333
Immortal/Mutalisk
3 battles found
0.3333333333333333
Marauder/Queen
3 battles found
0.3333333333333333
Battlecruiser/SiegeTankSieged
3 battles found
0.3333333333333333
Carrier/LurkerBurrowed
3 battles found
0.3333333333333333
Colossus/DarkTemplar
4 battles found
0.375
Mutalisk/VoidRay
4 battles found
0.375
Battlecruiser/Infestor
4 battles found
0.375
Marine/Roach
5 battles found
0.4
Banshee/Immortal
5 battles found
0.4
HighTemplar/Ravager
5 battles found
0.4
Ghost/Raven
7 battles found
0.42857142857142855
Stalker/VoidRay
2 battles found
0.5
Battlecruiser/DarkTemplar
3 battles found
0.5
DarkTemplar/Marauder
4 battles found
0.5
Infestor/Tempest
3 battles found
0.5
Adept/VoidRay
3 battles found
0.5
Carrier/Ravager
4 battles found
0.5
Corruptor/Tempest
3 battles found
0.5
Hellion/ThorAP
2 battles found
0.5
Roach/VikingAssault
3 battles found
0.5
Ravager/Ultralisk
2 battles found
0.5
BroodLord/Corruptor
3 battles found
0.5
Adept/Phoenix
1 battles found
0.5
Ravager/Tempest
4 battles found
0.5
Stalker/Viking
2 battles found
0.5
LiberatorAG/Marine
1 battles found
0.5
Hellion/Liberator
1 battles found
0.5
BroodLord/Roach
3 battles found
0.5
Infestor/Marauder
1 battles found
0.5
Mothership/Raven
1 battles found
0.5
Battlecruiser/ThorAP
2 battles found
0.5
Carrier/Stalker
2 battles found
0.5
Tempest/VoidRay
1 battles found
0.5
Thor/Zergling
1 battles found
0.5
Banshee/Battlecruiser
2 battles found
0.5
BroodLord/DarkTemplar
7 battles found
0.5
Ghost/Queen
4 battles found
0.5
Battlecruiser/Phoenix
1 battles found
0.5
Queen/Raven
2 battles found
0.5
Carrier/Queen
2 battles found
0.5
Oracle/Zealot
2 battles found
0.5
Stalker/Zergling
2 battles found
0.5
Adept/DarkTemplar
2 battles found
0.5
SwarmHostBurrowed/Tempest
1 battles found
0.5
Marauder/Mothership
2 battles found
0.5
DarkTemplar/Ravager
1 battles found
0.5
HighTemplar/Zergling
2 battles found
0.5
Corruptor/Stalker
1 battles found
0.5
Carrier/Infestor
3 battles found
0.5
Baneling/Raven
2 battles found
0.5
DarkTemplar/Phoenix
3 battles found
0.5
Queen/Tempest
3 battles found
0.5
Battlecruiser/Cyclone
4 battles found
0.5
Infestor/Oracle
1 battles found
0.5
Hellion/Ultralisk
1 battles found
0.5
DarkTemplar/Zealot
1 battles found
0.5
Roach/ThorAP
3 battles found
0.5
BattleHellion/BroodLord
1 battles found
0.5
Mothership/Reaper
1 battles found
0.5
Marauder/Stalker
1 battles found
0.5
Marine/Phoenix
4 battles found
0.5
Raven/SwarmHostBurrowed
3 battles found
0.5
Ghost/Hydralisk
2 battles found
0.5
Carrier/VoidRay
3 battles found
0.5
Ghost/Hellion
3 battles found
0.5
DarkTemplar/HighTemplar
2 battles found
0.5
Baneling/Immortal
1 battles found
0.5
Corruptor/Marauder
1 battles found
0.5
HighTemplar/Viking
1 battles found
0.5
Battlecruiser/VoidRay
2 battles found
0.5
DarkTemplar/Viking
1 battles found
0.5
Phoenix/VoidRay
1 battles found
0.5
Carrier/Cyclone
2 battles found
0.5
Hellion/Viking
2 battles found
0.5
DarkTemplar/Mothership
1 battles found
0.5
Archon/Cyclone
2 battles found
0.5
Marine/Tempest
2 battles found
0.5
Baneling/Ghost
1 battles found
0.5
LiberatorAG/ThorAP
1 battles found
0.5
Battlecruiser/Carrier
2 battles found
0.5
Hydralisk/Ultralisk
1 battles found
0.5
Immortal/Mothership
2 battles found
0.5
Battlecruiser/Immortal
4 battles found
0.5
Corruptor/SiegeTankSieged
2 battles found
0.5
Lurker/Ultralisk
1 battles found
0.5
Ghost/Mothership
2 battles found
0.5
HighTemplar/Tempest
2 battles found
0.5
Raven/Reaper
3 battles found
0.5
BattleHellion/Battlecruiser
1 battles found
0.5
Colossus/Ghost
2 battles found
0.5
DarkTemplar/Mutalisk
1 battles found
0.5
LurkerBurrowed/Viking
1 battles found
0.5
BroodLord/Lurker
1 battles found
0.5
Corruptor/Hellion
1 battles found
0.5
Mothership/Zealot
2 battles found
0.5
Corruptor/DarkTemplar
3 battles found
0.5
Roach/VoidRay
1 battles found
0.5
Battlecruiser/VikingAssault
2 battles found
0.5
Hydralisk/VikingAssault
2 battles found
0.5
HighTemplar/Reaper
2 battles found
0.5
Marine/Stalker
3 battles found
0.5
Tempest/ThorAP
2 battles found
0.5
Reaper/Tempest
1 battles found
0.5
Battlecruiser/Mutalisk
3 battles found
0.5
Colossus/Lurker
2 battles found
0.5
Hydralisk/Queen
2 battles found
0.5
Baneling/Zergling
1 battles found
0.5
BattleHellion/Corruptor
1 battles found
0.5
Marauder/Reaper
1 battles found
0.5
BroodLord/Infestor
2 battles found
0.5
Carrier/Mutalisk
2 battles found
0.5
Infestor/Ultralisk
1 battles found
0.5
Lurker/Stalker
1 battles found
0.5
Phoenix/Zergling
1 battles found
0.5
SwarmHostBurrowed/ThorAP
1 battles found
0.5
Hellion/SiegeTank
1 battles found
0.5
Marine/Raven
1 battles found
0.5
BroodLord/Ghost
1 battles found
0.5
Roach/SiegeTank
1 battles found
0.5
SwarmHostBurrowed/WidowMineBurrowed
1 battles found
0.5
Tempest/Ultralisk
1 battles found
0.5
Colossus/Immortal
1 battles found
0.5
BattleHellion/Stalker
2 battles found
0.5
Colossus/Phoenix
1 battles found
0.5
Hellion/Oracle
1 battles found
0.5
Banshee/Liberator
2 battles found
0.5
Ghost/HighTemplar
1 battles found
0.5
DarkTemplar/Reaper
1 battles found
0.5
Raven/Zealot
3 battles found
0.5
Oracle/WidowMineBurrowed
1 battles found
0.5
Cyclone/Raven
2 battles found
0.5
Oracle/Stalker
1 battles found
0.5
BroodLord/Carrier
2 battles found
0.5
DarkTemplar/LurkerBurrowed
3 battles found
0.5
Adept/Tempest
1 battles found
0.5
Banshee/SiegeTankSieged
1 battles found
0.5
Oracle/Roach
1 battles found
0.5
DarkTemplar/Roach
2 battles found
0.5
Marine/Mutalisk
1 battles found
0.5
Battlecruiser/Marine
1 battles found
0.5
DarkTemplar/SiegeTankSieged
1 battles found
0.5
DarkTemplar/Oracle
2 battles found
0.5
Adept/Ravager
2 battles found
0.5
Stalker/SwarmHostBurrowed
1 battles found
0.5
BroodLord/SwarmHostBurrowed
1 battles found
0.5
DarkTemplar/Hydralisk
1 battles found
0.5
Baneling/Corruptor
1 battles found
0.5
Cyclone/Zealot
1 battles found
0.5
Roach/Viking
1 battles found
0.5
Baneling/DarkTemplar
1 battles found
0.5
Viking/Zergling
1 battles found
0.5
Liberator/SwarmHostBurrowed
1 battles found
0.5
Archon/Queen
1 battles found
0.5
Corruptor/HighTemplar
4 battles found
0.625
SwarmHostBurrowed/Zergling
4 battles found
0.625
Queen/VoidRay
4 battles found
0.625
Banshee/DarkTemplar
8 battles found
0.625
HighTemplar/Phoenix
3 battles found
0.6666666666666666
DarkTemplar/SwarmHostBurrowed
3 battles found
0.6666666666666666
BroodLord/ThorAP
3 battles found
0.6666666666666666
Archon/Corruptor
3 battles found
0.6666666666666666
Archon/Colossus
3 battles found
0.6666666666666666
Archon/Ghost
3 battles found
0.6666666666666666
Marauder/Mutalisk
3 battles found
0.6666666666666666
Marine/Mothership
3 battles found
0.6666666666666666
Carrier/Corruptor
3 battles found
0.6666666666666666
VikingAssault/VoidRay
3 battles found
0.6666666666666666
Infestor/SwarmHostBurrowed
3 battles found
0.6666666666666666
Carrier/Reaper
3 battles found
0.6666666666666666
Oracle/Tempest
3 battles found
0.6666666666666666
Battlecruiser/Hydralisk
3 battles found
0.6666666666666666
Archon/VoidRay
3 battles found
0.6666666666666666
Archon/Ultralisk
4 battles found
0.75
BroodLord/Phoenix
2 battles found
0.75
Cyclone/DarkTemplar
2 battles found
0.75
SiegeTankSieged/Tempest
2 battles found
0.75
LiberatorAG/Tempest
2 battles found
0.75
BattleHellion/DarkTemplar
2 battles found
0.75
DarkTemplar/Queen
4 battles found
0.75
Adept/Carrier
4 battles found
0.75
HighTemplar/Queen
2 battles found
0.75
Carrier/HighTemplar
2 battles found
0.75
DarkTemplar/VoidRay
4 battles found
0.75
Marine/VoidRay
4 battles found
0.75
BroodLord/Oracle
2 battles found
0.75
Mothership/Ultralisk
2 battles found
0.75
Banshee/ThorAP
2 battles found
0.75
Immortal/Tempest
2 battles found
0.75
DarkTemplar/Raven
2 battles found
0.75
Battlecruiser/Colossus
2 battles found
0.75
Banshee/Infestor
2 battles found
0.75
Adept/Raven
2 battles found
0.75
Infestor/Raven
4 battles found
0.75
Cyclone/SwarmHostBurrowed
2 battles found
0.75
DarkTemplar/Stalker
3 battles found
0.8333333333333334
HighTemplar/Infestor
4 battles found
0.875
DarkTemplar/Infestor
5 battles found
0.9
Carrier/DarkTemplar
6 battles found
0.9166666666666666
Archon/SwarmHostBurrowed
1 battles found
1.0
Carrier/Thor
1 battles found
1.0
Cyclone/LurkerBurrowed
1 battles found
1.0
Mothership/SiegeTankSieged
1 battles found
1.0
DarkTemplar/Immortal
1 battles found
1.0
Colossus/Infestor
2 battles found
1.0
Carrier/Ultralisk
1 battles found
1.0
Immortal/Viking
1 battles found
1.0
Reaper/Zergling
3 battles found
1.0
BroodLord/Liberator
2 battles found
1.0
Mutalisk/Reaper
2 battles found
1.0
Ghost/Reaper
2 battles found
1.0
Carrier/Roach
1 battles found
1.0
Mothership/SwarmHostBurrowed
1 battles found
1.0
Banshee/Hellion
1 battles found
1.0
Colossus/Zealot
1 battles found
1.0
Phoenix/Stalker
2 battles found
1.0
Marauder/SwarmHostBurrowed
2 battles found
1.0
Baneling/Roach
3 battles found
1.0
Cyclone/Ravager
1 battles found
1.0
Adept/Queen
2 battles found
1.0
Corruptor/Infestor
2 battles found
1.0
Roach/Zealot
1 battles found
1.0
Hellion/Phoenix
1 battles found
1.0
Adept/Ghost
1 battles found
1.0
Baneling/VoidRay
2 battles found
1.0
Baneling/Battlecruiser
2 battles found
1.0
Immortal/Stalker
3 battles found
1.0
Oracle/SiegeTank
1 battles found
1.0
Hydralisk/Thor
3 battles found
1.0
BroodLord/Thor
1 battles found
1.0
BroodLord/Marine
2 battles found
1.0
Infestor/Stalker
2 battles found
1.0
Phoenix/Roach
1 battles found
1.0
Colossus/WidowMineBurrowed
1 battles found
1.0
BroodLord/VikingAssault
1 battles found
1.0
Cyclone/Hellion
1 battles found
1.0
Archon/Immortal
3 battles found
1.0
LiberatorAG/Raven
1 battles found
1.0
Hydralisk/ThorAP
1 battles found
1.0
Colossus/Ravager
1 battles found
1.0
Battlecruiser/Raven
1 battles found
1.0
ThorAP/Ultralisk
1 battles found
1.0
Cyclone/Stalker
1 battles found
1.0
Battlecruiser/Oracle
2 battles found
1.0
HighTemplar/SwarmHostBurrowed
1 battles found
1.0
Archon/Infestor
1 battles found
1.0
HighTemplar/LurkerBurrowed
1 battles found
1.0
BattleHellion/Raven
1 battles found
1.0
Battlecruiser/Roach
1 battles found
1.0
Adept/Cyclone
1 battles found
1.0
WidowMineBurrowed/Zealot
2 battles found
1.0
BroodLord/HighTemplar
2 battles found
1.0
Reaper/SwarmHostBurrowed
1 battles found
1.0
Colossus/Cyclone
2 battles found
1.0
Hydralisk/SwarmHostBurrowed
2 battles found
1.0
Baneling/Carrier
1 battles found
1.0
Archon/Reaper
1 battles found
1.0
Hellion/Marine
1 battles found
1.0
Carrier/Ghost
2 battles found
1.0
Ghost/Mutalisk
1 battles found
1.0
Immortal/Marine
1 battles found
1.0
LurkerBurrowed/VikingAssault
1 battles found
1.0
Tempest/Viking
1 battles found
1.0
Immortal/Liberator
1 battles found
1.0
Battlecruiser/Reaper
1 battles found
1.0
Baneling/Lurker
1 battles found
1.0
BattleHellion/Phoenix
1 battles found
1.0
LurkerBurrowed/VoidRay
1 battles found
1.0
Banshee/Phoenix
1 battles found
1.0
Immortal/Lurker
1 battles found
1.0
Cyclone/Mutalisk
1 battles found
1.0
Ghost/Phoenix
1 battles found
1.0
Infestor/Zergling
1 battles found
1.0
Raven/VoidRay
2 battles found
1.0
Queen/Roach
1 battles found
1.0
Roach/Tempest
1 battles found
1.0
Mothership/Oracle
1 battles found
1.0
Hellion/Ravager
1 battles found
1.0
Raven/WidowMine
1 battles found
1.0
SiegeTankSieged/Viking
1 battles found
1.0
Carrier/Marine
2 battles found
1.0
Hydralisk/Marine
1 battles found
1.0
Archon/Marauder
1 battles found
1.0
Hellion/Zergling
1 battles found
1.0
Mutalisk/WidowMineBurrowed
1 battles found
1.0
Adept/Mutalisk
1 battles found
1.0
Carrier/Hellion
1 battles found
1.0
Phoenix/SiegeTankSieged
1 battles found
1.0
Oracle/Thor
1 battles found
1.0
BattleHellion/Oracle
1 battles found
1.0
Ghost/Oracle
1 battles found
1.0
Mothership/ThorAP
1 battles found
1.0
Battlecruiser/LurkerBurrowed
2 battles found
1.0
Colossus/Ultralisk
1 battles found
1.0
Baneling/Tempest
1 battles found
1.0
Battlecruiser/Ultralisk
1 battles found
1.0
Carrier/Hydralisk
1 battles found
1.0
Oracle/Phoenix
1 battles found
1.0
ThorAP/Viking
1 battles found
1.0
Banshee/WidowMineBurrowed
1 battles found
1.0
Phoenix/Queen
1 battles found
1.0
Liberator/Viking
1 battles found
1.0
Marine/SiegeTank
1 battles found
1.0
Colossus/Raven
3 battles found
1.0
DarkTemplar/Ultralisk
1 battles found
1.0
Carrier/LiberatorAG
1 battles found
1.0
Baneling/Marauder
1 battles found
1.0
Infestor/VikingAssault
1 battles found
1.0
Banshee/Marine
1 battles found
1.0
LiberatorAG/SiegeTankSieged
1 battles found
1.0
Adept/LiberatorAG
1 battles found
1.0
Cyclone/Zergling
1 battles found
1.0
BattleHellion/Mutalisk
1 battles found
1.0
Marine/WidowMineBurrowed
1 battles found
1.0
Archon/HighTemplar
1 battles found
1.0
Carrier/Marauder
2 battles found
1.0
Immortal/Ultralisk
1 battles found
1.0
Corruptor/Zergling
2 battles found
1.0
Cyclone/HighTemplar
1 battles found
1.0
Reaper/Thor
1 battles found
1.0
Liberator/Reaper
1 battles found
1.0
Corruptor/Marine
1 battles found
1.0
Reaper/Roach
1 battles found
1.0
Carrier/Tempest
1 battles found
1.0
Hydralisk/Stalker
1 battles found
1.0
HighTemplar/Roach
2 battles found
1.0
Battlecruiser/Ghost
1 battles found
1.0
Battlecruiser/Corruptor
1 battles found
1.0
Liberator/Phoenix
1 battles found
1.0
Colossus/Oracle
2 battles found
1.0
Hellion/Infestor
2 battles found
1.0
SiegeTankSieged/Stalker
1 battles found
1.0
HighTemplar/Ultralisk
1 battles found
1.0
SiegeTankSieged/ThorAP
1 battles found
1.0
Baneling/Stalker
2 battles found
1.0
Ghost/Thor
1 battles found
1.0
Colossus/Viking
1 battles found
1.0
BroodLord/Immortal
1 battles found
1.0
HighTemplar/ThorAP
1 battles found
1.0
Ghost/Marine
1 battles found
1.0
Marauder/Ravager
1 battles found
1.0
Cyclone/Liberator
1 battles found
1.0
Marauder/SiegeTank
1 battles found
1.0
SiegeTank/Thor
1 battles found
1.0
Liberator/Mutalisk
1 battles found
1.0
Archon/DarkTemplar
1 battles found
1.0
Hellion/WidowMineBurrowed
1 battles found
1.0
Cyclone/Queen
1 battles found
1.0
LiberatorAG/Zealot
1 battles found
1.0
Immortal/LiberatorAG
1 battles found
1.0
Ghost/SwarmHostBurrowed
1 battles found
1.0
Liberator/Stalker
1 battles found
1.0
Colossus/Marine
3 battles found
1.0
Liberator/Ravager
1 battles found
1.0
Ultralisk/Zealot
1 battles found
1.0
Hellion/Immortal
1 battles found
1.0
Battlecruiser/Mothership
1 battles found
1.0
HighTemplar/Immortal
1 battles found
1.0
Carrier/Raven
1 battles found
1.0
Hellion/Reaper
1 battles found
1.0
Baneling/Liberator
1 battles found
1.0
Infestor/Reaper
1 battles found
1.0
Colossus/Hellion
1 battles found
1.0
Battlecruiser/Ravager
2 battles found
1.0
Archon/Marine
2 battles found
1.0
SwarmHostBurrowed/VoidRay
1 battles found
1.0
Adept/ThorAP
1 battles found
1.0
Lurker/Phoenix
1 battles found
1.0
Mothership/Mutalisk
1 battles found
1.0
Mutalisk/Zealot
1 battles found
1.0
Banshee/SwarmHostBurrowed
1 battles found
1.0
Archon/SiegeTank
1 battles found
1.0
Baneling/ThorAP
1 battles found
1.0
BroodLord/Queen
1 battles found
1.0
LurkerBurrowed/Phoenix
1 battles found
1.0
Baneling/Cyclone
1 battles found
1.0
Marine/Ravager
1 battles found
1.0
Hellion/Mothership
1 battles found
1.0
Raven/WidowMineBurrowed
1 battles found
1.0
Immortal/Queen
1 battles found
1.0
ThorAP/VoidRay
1 battles found
1.0
Marauder/Ultralisk
1 battles found
1.0
Banshee/VikingAssault
1 battles found
1.0

Hand win rates vs other particular hands in two-hand battles

Colossus/VoidRay vs Mutalisk/SwarmHostBurrowed
1 battles found
0.0
Baneling/Ultralisk vs Stalker/VoidRay
1 battles found
0.0
Adept/VoidRay vs Carrier/Ravager
1 battles found
0.0
Carrier/Liberator vs Oracle/Raven
1 battles found
0.0
Baneling/Reaper vs Mutalisk/Phoenix
1 battles found
0.0
Archon/Ultralisk vs Oracle/SiegeTankSieged
1 battles found
0.0
Banshee/Ghost vs Ravager/Ultralisk
1 battles found
0.0
Banshee/VoidRay vs Tempest/Zergling
1 battles found
0.0
Archon/Lurker vs Raven/Ultralisk
1 battles found
0.0
Marine/Roach vs Oracle/SwarmHostBurrowed
1 battles found
0.0
Adept/Liberator vs Carrier/Zealot
1 battles found
0.0
Banshee/Battlecruiser vs Cyclone/VoidRay
1 battles found
0.0
BattleHellion/VoidRay vs Hellion/ThorAP
1 battles found
0.0
Carrier/Zealot vs Ghost/Queen
1 battles found
0.0
Archon/Oracle vs Battlecruiser/WidowMineBurrowed
1 battles found
0.0
Corruptor/HighTemplar vs Mothership/Thor
1 battles found
0.0
Carrier/SiegeTankSieged vs Stalker/Zergling
1 battles found
0.0
Adept/Roach vs BattleHellion/Colossus
1 battles found
0.0
DarkTemplar/Hellion vs Raven/Stalker
1 battles found
0.0
Battlecruiser/Stalker vs Immortal/Raven
1 battles found
0.0
Baneling/BroodLord vs HighTemplar/Ravager
1 battles found
0.0
BattleHellion/Marauder vs Battlecruiser/Queen
1 battles found
0.0
HighTemplar/VoidRay vs Tempest/Zealot
1 battles found
0.0
Carrier/Infestor vs Ghost/Medivac
1 battles found
0.0
Carrier/Phoenix vs Lurker/Raven
1 battles found
0.0
Colossus/DarkTemplar vs Corruptor/Oracle
1 battles found
0.0
Queen/Tempest vs ThorAP/VikingAssault
1 battles found
0.0
Battlecruiser/Liberator vs Carrier/Stalker
1 battles found
0.0
Battlecruiser/Zergling vs Infestor/Tempest
1 battles found
0.0
Carrier/Zergling vs Immortal/VoidRay
1 battles found
0.0
Banshee/HighTemplar vs Battlecruiser/DarkTemplar
1 battles found
0.0
Baneling/WidowMine vs Hydralisk/Reaper
1 battles found
0.0
Banshee/Raven vs Immortal/Phoenix
1 battles found
0.0
Adept/HighTemplar vs BroodLord/DarkTemplar
1 battles found
0.0
Archon/Ravager vs Baneling/Raven
1 battles found
0.0
Ghost/Hellion vs Lurker/Roach
1 battles found
0.0
Archon/Stalker vs Battlecruiser/Tempest
1 battles found
0.0
Adept/SwarmHostBurrowed vs BroodLord/Ultralisk
1 battles found
0.0
Battlecruiser/SiegeTank vs BroodLord/VoidRay
1 battles found
0.0
Banshee/Stalker vs Battlecruiser/VoidRay
1 battles found
0.0
Marine/Mothership vs Medivac/Queen
1 battles found
0.0
Carrier/Cyclone vs Ghost/Tempest
1 battles found
0.0
HighTemplar/Mutalisk vs Oracle/Raven
1 battles found
0.0
Corruptor/Reaper vs Phoenix/Raven
1 battles found
0.0
Baneling/HighTemplar vs Colossus/DarkTemplar
1 battles found
0.0
Baneling/Mutalisk vs Battlecruiser/HighTemplar
1 battles found
0.0
Banshee/Immortal vs Raven/Thor
1 battles found
0.0
Archon/Hellion vs Banshee/BroodLord
1 battles found
0.0
Carrier/Corruptor vs DarkTemplar/Liberator
1 battles found
0.0
Carrier/VoidRay vs Phoenix/Ravager
1 battles found
0.0
Archon/Liberator vs Mutalisk/Tempest
1 battles found
0.0
Archon/Cyclone vs Baneling/Queen
1 battles found
0.0
Archon/Raven vs Carrier/WidowMineBurrowed
1 battles found
0.0
Adept/Battlecruiser vs Corruptor/Oracle
1 battles found
0.0
Battlecruiser/Stalker vs Ravager/Zergling
1 battles found
0.0
DarkTemplar/SiegeTank vs Ghost/Raven
1 battles found
0.0
Marine/Roach vs Raven/VikingAssault
1 battles found
0.0
LurkerBurrowed/Mutalisk vs Queen/Ravager
1 battles found
0.0
BroodLord/SiegeTankSieged vs Roach/VikingAssault
1 battles found
0.0
Colossus/Mutalisk vs Phoenix/Raven
1 battles found
0.0
Adept/HighTemplar vs Queen/SwarmHostBurrowed
1 battles found
0.0
Adept/Oracle vs Tempest/Zergling
1 battles found
0.0
BattleHellion/VikingAssault vs Hydralisk/Roach
1 battles found
0.0
DarkTemplar/Ghost vs Phoenix/Raven
1 battles found
0.0
BroodLord/VoidRay vs Phoenix/Tempest
1 battles found
0.0
BattleHellion/VoidRay vs Battlecruiser/Liberator
1 battles found
0.0
Archon/Ghost vs Marine/Reaper
1 battles found
0.0
Battlecruiser/BroodLord vs Phoenix/Raven
1 battles found
0.0
Adept/Corruptor vs Immortal/Ravager
1 battles found
0.0
BattleHellion/ThorAP vs Battlecruiser/HighTemplar
1 battles found
0.0
Archon/Roach vs Carrier/SiegeTankSieged
1 battles found
0.0
Cyclone/Marine vs Mutalisk/Phoenix
1 battles found
0.0
Cyclone/Marauder vs Raven/ThorAP
1 battles found
0.0
Battlecruiser/VikingAssault vs HighTemplar/Hydralisk
1 battles found
0.0
Corruptor/ThorAP vs Hydralisk/Infestor
1 battles found
0.0
BroodLord/Roach vs Colossus/Mutalisk
1 battles found
0.0
HighTemplar/Reaper vs Ultralisk/VoidRay
1 battles found
0.0
Battlecruiser/Immortal vs Hydralisk/Tempest
1 battles found
0.0
Carrier/WidowMineBurrowed vs Cyclone/Ghost
1 battles found
0.0
Carrier/SwarmHostBurrowed vs Corruptor/VoidRay
1 battles found
0.0
Hydralisk/Tempest vs Mutalisk/Queen
1 battles found
0.0
Cyclone/Hydralisk vs Marine/Stalker
1 battles found
0.0
BroodLord/Mothership vs Tempest/ThorAP
1 battles found
0.0
Archon/VikingAssault vs Ravager/ThorAP
1 battles found
0.0
Colossus/Stalker vs Corruptor/DarkTemplar
1 battles found
0.0
Adept/Baneling vs Battlecruiser/Mutalisk
1 battles found
0.0
Colossus/Ghost vs Phoenix/ThorAP
1 battles found
0.0
Banshee/Thor vs Mutalisk/Oracle
1 battles found
0.0
Banshee/Colossus vs Corruptor/Tempest
1 battles found
0.0
Baneling/Hydralisk vs BattleHellion/HighTemplar
1 battles found
0.0
Infestor/Roach vs Ravager/Tempest
1 battles found
0.0
Corruptor/Cyclone vs Ghost/Roach
1 battles found
0.0
Immortal/Mutalisk vs Marine/Tempest
1 battles found
0.0
Cyclone/Ultralisk vs Ghost/Raven
1 battles found
0.0
Hydralisk/Queen vs LiberatorAG/Stalker
1 battles found
0.0
Marauder/Mothership vs Queen/SwarmHostBurrowed
1 battles found
0.0
Adept/BroodLord vs Mutalisk/Roach
1 battles found
0.0
Adept/Marauder vs Banshee/HighTemplar
1 battles found
0.0
Carrier/Ravager vs HighTemplar/Raven
1 battles found
0.0
Colossus/SwarmHostBurrowed vs Stalker/Ultralisk
1 battles found
0.0
Corruptor/VoidRay vs Liberator/Marine
1 battles found
0.0
Baneling/Colossus vs VikingAssault/VoidRay
1 battles found
0.0
Archon/BroodLord vs DarkTemplar/Tempest
1 battles found
0.0
Baneling/Banshee vs Colossus/Corruptor
1 battles found
0.0
Marauder/Queen vs Marine/Oracle
1 battles found
0.0
Battlecruiser/BroodLord vs Corruptor/Queen
1 battles found
0.0
Battlecruiser/SiegeTankSieged vs Tempest/Zergling
1 battles found
0.0
Battlecruiser/Immortal vs Mutalisk/Stalker
1 battles found
0.0
Carrier/Zergling vs Queen/SiegeTank
1 battles found
0.0
Banshee/VoidRay vs HighTemplar/Raven
1 battles found
0.0
Marauder/Tempest vs Phoenix/VikingAssault
1 battles found
0.0
BroodLord/Infestor vs Marine/Phoenix
1 battles found
0.0
Banshee/Zealot vs Battlecruiser/Queen
1 battles found
0.0
HighTemplar/Marine vs Marauder/Raven
1 battles found
0.0
Hydralisk/VoidRay vs Phoenix/Raven
1 battles found
0.0
Marine/VoidRay vs Phoenix/Raven
1 battles found
0.0
Battlecruiser/Tempest vs Hydralisk/Infestor
1 battles found
0.0
Colossus/SwarmHostBurrowed vs Oracle/Zealot
1 battles found
0.0
Colossus/Stalker vs Cyclone/Ultralisk
1 battles found
0.0
BattleHellion/Mothership vs Hydralisk/Oracle
1 battles found
0.0
Battlecruiser/Hydralisk vs Marauder/Raven
1 battles found
0.0
Carrier/SwarmHostBurrowed vs Cyclone/Reaper
1 battles found
0.0
Banshee/Mothership vs Phoenix/Ravager
1 battles found
0.0
Battlecruiser/Liberator vs Raven/SwarmHostBurrowed
1 battles found
0.0
Colossus/SiegeTankSieged vs VikingAssault/Zergling
1 battles found
0.0
Battlecruiser/SiegeTank vs Ghost/Raven
1 battles found
0.0
Banshee/Zealot vs Carrier/Reaper
1 battles found
0.0
BattleHellion/Medivac vs Battlecruiser/Infestor
1 battles found
0.0
Baneling/Oracle vs Mutalisk/Ravager
1 battles found
0.0
Oracle/Tempest vs Queen/VoidRay
1 battles found
0.0
Ghost/Queen vs Marine/Roach
1 battles found
0.0
Adept/Stalker vs Baneling/WidowMine
1 battles found
0.0
BroodLord/VoidRay vs Raven/Tempest
1 battles found
0.0
Immortal/VoidRay vs Queen/Raven
1 battles found
0.0
BattleHellion/Stalker vs DarkTemplar/VikingAssault
1 battles found
0.0
Oracle/Zergling vs Raven/Reaper
1 battles found
0.0
DarkTemplar/Marine vs Oracle/Raven
1 battles found
0.0
Banshee/Liberator vs Hydralisk/VoidRay
1 battles found
0.0
BattleHellion/LurkerBurrowed vs Immortal/Roach
1 battles found
0.0
Ghost/VikingAssault vs Immortal/ThorAP
1 battles found
0.0
Battlecruiser/Viking vs Raven/Zealot
1 battles found
0.0
Adept/Colossus vs Cyclone/Raven
1 battles found
0.0
Adept/Ultralisk vs Lurker/Ravager
1 battles found
0.0
Carrier/LurkerBurrowed vs Infestor/ThorAP
1 battles found
0.0
Archon/Carrier vs Colossus/Stalker
1 battles found
0.0
HighTemplar/Zergling vs Reaper/WidowMine
1 battles found
0.0
Battlecruiser/Infestor vs Ghost/Raven
1 battles found
0.0
Hydralisk/VikingAssault vs Ravager/Roach
1 battles found
0.0
Banshee/Zergling vs Colossus/HighTemplar
1 battles found
0.0
Immortal/Phoenix vs Marauder/Queen
1 battles found
0.0
Banshee/Immortal vs Ghost/Mothership
1 battles found
0.0
Banshee/Stalker vs Hydralisk/Raven
1 battles found
0.0
Archon/Stalker vs Banshee/DarkTemplar
1 battles found
0.0
Hellion/Viking vs Tempest/Thor
1 battles found
0.0
Mothership/Tempest vs Ravager/Raven
1 battles found
0.0
Archon/Zealot vs Ghost/SiegeTank
1 battles found
0.0
Battlecruiser/SiegeTankSieged vs Immortal/ThorAP
1 battles found
0.0
Colossus/Lurker vs Oracle/Raven
1 battles found
0.0
HighTemplar/Mutalisk vs Lurker/Thor
1 battles found
0.0
Colossus/Roach vs Liberator/LurkerBurrowed
1 battles found
0.0
BattleHellion/HighTemplar vs Immortal/Mothership
1 battles found
0.0
Carrier/Phoenix vs Ghost/Stalker
1 battles found
0.0
Corruptor/SwarmHostBurrowed vs HighTemplar/Ravager
1 battles found
0.0
BroodLord/Colossus vs LurkerBurrowed/Mutalisk
1 battles found
0.0
Cyclone/Thor vs DarkTemplar/LiberatorAG
1 battles found
0.0
Adept/Stalker vs Battlecruiser/BroodLord
1 battles found
0.0
Colossus/Roach vs Infestor/VoidRay
1 battles found
0.0
Hellion/Tempest vs Mutalisk/VoidRay
1 battles found
0.0
DarkTemplar/Marauder vs Marine/Oracle
1 battles found
0.0
Adept/SwarmHostBurrowed vs Archon/VikingAssault
1 battles found
0.0
Adept/Corruptor vs Cyclone/Marine
1 battles found
0.0
Banshee/Marauder vs Corruptor/Ghost
1 battles found
0.0
Ghost/Hydralisk vs Mutalisk/Ultralisk
1 battles found
0.0
Archon/Raven vs HighTemplar/Tempest
1 battles found
0.0
Adept/HighTemplar vs BroodLord/Ultralisk
1 battles found
0.0
Baneling/Colossus vs BattleHellion/Carrier
1 battles found
0.0
Adept/Ravager vs DarkTemplar/Zergling
1 battles found
0.0
Adept/Infestor vs BroodLord/Carrier
1 battles found
0.0
Colossus/Queen vs DarkTemplar/Tempest
1 battles found
0.0
LurkerBurrowed/Mutalisk vs Raven/Stalker
1 battles found
0.0
DarkTemplar/LurkerBurrowed vs Ghost/Immortal
1 battles found
0.0
Raven/Viking vs SiegeTank/Tempest
1 battles found
0.0
Banshee/Tempest vs Corruptor/Liberator
1 battles found
0.0
BattleHellion/VoidRay vs HighTemplar/Phoenix
1 battles found
0.0
Corruptor/Mothership vs HighTemplar/VoidRay
1 battles found
0.0
BattleHellion/Ravager vs DarkTemplar/Oracle
1 battles found
0.0
BroodLord/Ravager vs Infestor/Raven
1 battles found
0.0
Archon/VoidRay vs HighTemplar/Ravager
1 battles found
0.0
LiberatorAG/Ravager vs Marine/Oracle
1 battles found
0.0
Archon/Colossus vs Queen/ThorAP
1 battles found
0.0
Colossus/HighTemplar vs LiberatorAG/Ultralisk
1 battles found
0.0
Battlecruiser/ThorAP vs Cyclone/Infestor
1 battles found
0.0
BattleHellion/Viking vs Carrier/Phoenix
1 battles found
0.0
Adept/Battlecruiser vs BattleHellion/ThorAP
1 battles found
0.0
Baneling/BroodLord vs Immortal/Phoenix
1 battles found
0.0
Archon/BroodLord vs Roach/ThorAP
1 battles found
0.0
Battlecruiser/DarkTemplar vs Corruptor/SwarmHostBurrowed
1 battles found
0.5
DarkTemplar/Marauder vs Infestor/Tempest
1 battles found
0.5
Adept/Baneling vs Corruptor/Tempest
1 battles found
0.5
BroodLord/Corruptor vs Queen/Ravager
1 battles found
0.5
BroodLord/Phoenix vs Marauder/Tempest
1 battles found
0.5
Adept/Phoenix vs Cyclone/DarkTemplar
1 battles found
0.5
Ravager/Tempest vs Stalker/Viking
1 battles found
0.5
Colossus/Roach vs LiberatorAG/Marine
1 battles found
0.5
DarkTemplar/SwarmHostBurrowed vs Hellion/Liberator
1 battles found
0.5
BroodLord/Roach vs Infestor/Marauder
1 battles found
0.5
DarkTemplar/Hellion vs Mothership/Raven
1 battles found
0.5
Tempest/VoidRay vs Thor/Zergling
1 battles found
0.5
BattleHellion/DarkTemplar vs Battlecruiser/Phoenix
1 battles found
0.5
Carrier/Queen vs SwarmHostBurrowed/Zergling
1 battles found
0.5
Adept/Carrier vs BroodLord/ThorAP
1 battles found
0.5
DarkTemplar/Tempest vs HighTemplar/Queen
1 battles found
0.5
Carrier/HighTemplar vs Stalker/Ultralisk
1 battles found
0.5
Adept/DarkTemplar vs Banshee/Immortal
1 battles found
0.5
DarkTemplar/Marauder vs SwarmHostBurrowed/Tempest
1 battles found
0.5
Archon/Corruptor vs DarkTemplar/Ravager
1 battles found
0.5
Carrier/Zealot vs DarkTemplar/VoidRay
1 battles found
0.5
BroodLord/Oracle vs Corruptor/Stalker
1 battles found
0.5
Battlecruiser/HighTemplar vs DarkTemplar/VoidRay
1 battles found
0.5
DarkTemplar/Phoenix vs Stalker/Viking
1 battles found
0.5
Battlecruiser/Cyclone vs Mothership/Ultralisk
1 battles found
0.5
Battlecruiser/Queen vs Infestor/Oracle
1 battles found
0.5
Hellion/Ultralisk vs HighTemplar/Raven
1 battles found
0.5
DarkTemplar/Zealot vs Roach/ThorAP
1 battles found
0.5
Archon/Corruptor vs Banshee/Immortal
1 battles found
0.5
BroodLord/DarkTemplar vs Mutalisk/VoidRay
1 battles found
0.5
BattleHellion/BroodLord vs Mothership/Reaper
1 battles found
0.5
Marauder/Stalker vs Marine/Phoenix
1 battles found
0.5
Battlecruiser/WidowMineBurrowed vs DarkTemplar/SwarmHostBurrowed
1 battles found
0.5
Battlecruiser/Cyclone vs DarkTemplar/HighTemplar
1 battles found
0.5
BroodLord/DarkTemplar vs Carrier/VoidRay
1 battles found
0.5
Baneling/Immortal vs Corruptor/Marauder
1 battles found
0.5
BroodLord/DarkTemplar vs HighTemplar/Viking
1 battles found
0.5
DarkTemplar/Viking vs Phoenix/VoidRay
1 battles found
0.5
Carrier/Queen vs DarkTemplar/Mothership
1 battles found
0.5
Baneling/Ghost vs LiberatorAG/ThorAP
1 battles found
0.5
Battlecruiser/Carrier vs Hydralisk/Ultralisk
1 battles found
0.5
Corruptor/SiegeTankSieged vs Lurker/Ultralisk
1 battles found
0.5
BattleHellion/Battlecruiser vs Lurker/Ravager
1 battles found
0.5
BroodLord/DarkTemplar vs Immortal/Tempest
1 battles found
0.5
Battlecruiser/Queen vs DarkTemplar/Marine
1 battles found
0.5
DarkTemplar/Mutalisk vs LurkerBurrowed/Viking
1 battles found
0.5
BroodLord/Lurker vs Oracle/Zergling
1 battles found
0.5
Corruptor/Hellion vs Mothership/Zealot
1 battles found
0.5
Corruptor/DarkTemplar vs Roach/VoidRay
1 battles found
0.5
Battlecruiser/BroodLord vs Oracle/Zergling
1 battles found
0.5
Raven/SwarmHostBurrowed vs Reaper/Tempest
1 battles found
0.5
Battlecruiser/Liberator vs DarkTemplar/Raven
1 battles found
0.5
Banshee/DarkTemplar vs Carrier/Infestor
1 battles found
0.5
BattleHellion/Carrier vs Marauder/Mutalisk
1 battles found
0.5
DarkTemplar/Phoenix vs Ravager/Tempest
1 battles found
0.5
Adept/Raven vs Immortal/Roach
1 battles found
0.5
Baneling/Zergling vs SiegeTankSieged/Tempest
1 battles found
0.5
BroodLord/Corruptor vs Mutalisk/Stalker
1 battles found
0.5
Adept/Carrier vs Banshee/DarkTemplar
1 battles found
0.5
BattleHellion/Corruptor vs Marauder/Reaper
1 battles found
0.5
Adept/DarkTemplar vs Corruptor/SiegeTankSieged
1 battles found
0.5
Carrier/Mutalisk vs Lurker/Raven
1 battles found
0.5
Infestor/Ultralisk vs LiberatorAG/Tempest
1 battles found
0.5
Lurker/Stalker vs Phoenix/Zergling
1 battles found
0.5
Archon/Oracle vs BroodLord/ThorAP
1 battles found
0.5
DarkTemplar/VikingAssault vs SwarmHostBurrowed/ThorAP
1 battles found
0.5
Ghost/Medivac vs Hellion/SiegeTank
1 battles found
0.5
Ghost/Hellion vs Raven/Reaper
1 battles found
0.5
DarkTemplar/Queen vs Marine/Raven
1 battles found
0.5
Colossus/DarkTemplar vs Mutalisk/VoidRay
1 battles found
0.5
BroodLord/Ghost vs Roach/SiegeTank
1 battles found
0.5
DarkTemplar/Tempest vs Marauder/Mutalisk
1 battles found
0.5
Queen/VoidRay vs SwarmHostBurrowed/WidowMineBurrowed
1 battles found
0.5
Infestor/ThorAP vs Tempest/Ultralisk
1 battles found
0.5
Battlecruiser/BroodLord vs SwarmHostBurrowed/Zergling
1 battles found
0.5
Colossus/Immortal vs Corruptor/HighTemplar
1 battles found
0.5
Adept/BroodLord vs DarkTemplar/SiegeTank
1 battles found
0.5
Adept/Ultralisk vs Colossus/Phoenix
1 battles found
0.5
Banshee/Infestor vs Hellion/Oracle
1 battles found
0.5
Ghost/HighTemplar vs Queen/Tempest
1 battles found
0.5
Battlecruiser/Cyclone vs DarkTemplar/Reaper
1 battles found
0.5
Corruptor/Cyclone vs Oracle/WidowMineBurrowed
1 battles found
0.5
Mutalisk/VoidRay vs Oracle/Stalker
1 battles found
0.5
Banshee/DarkTemplar vs Carrier/Mutalisk
1 battles found
0.5
Infestor/SwarmHostBurrowed vs Roach/VikingAssault
1 battles found
0.5
BroodLord/Mothership vs SwarmHostBurrowed/Zergling
1 battles found
0.5
Battlecruiser/Carrier vs DarkTemplar/Queen
1 battles found
0.5
Adept/Tempest vs Corruptor/ThorAP
1 battles found
0.5
Banshee/SiegeTankSieged vs BroodLord/Ultralisk
1 battles found
0.5
Battlecruiser/Colossus vs Carrier/DarkTemplar
1 battles found
0.5
Carrier/LurkerBurrowed vs Immortal/Mutalisk
1 battles found
0.5
Battlecruiser/Cyclone vs DarkTemplar/Stalker
1 battles found
0.5
Adept/VoidRay vs Oracle/Roach
1 battles found
0.5
Baneling/Oracle vs BroodLord/Colossus
1 battles found
0.5
Adept/Oracle vs Banshee/ThorAP
1 battles found
0.5
DarkTemplar/Roach vs Marine/Mutalisk
1 battles found
0.5
Battlecruiser/Marine vs DarkTemplar/Zergling
1 battles found
0.5
Carrier/Phoenix vs DarkTemplar/HighTemplar
1 battles found
0.5
DarkTemplar/SiegeTankSieged vs Immortal/Mutalisk
1 battles found
0.5
BroodLord/DarkTemplar vs Carrier/SiegeTankSieged
1 battles found
0.5
Raven/Zealot vs Stalker/SwarmHostBurrowed
1 battles found
0.5
BroodLord/SwarmHostBurrowed vs Mothership/Zealot
1 battles found
0.5
Archon/Carrier vs DarkTemplar/Hydralisk
1 battles found
0.5
Immortal/Phoenix vs Mutalisk/Queen
1 battles found
0.5
Carrier/LurkerBurrowed vs DarkTemplar/Infestor
1 battles found
0.5
Baneling/Corruptor vs Cyclone/Zealot
1 battles found
0.5
DarkTemplar/Phoenix vs Roach/Viking
1 battles found
0.5
Baneling/DarkTemplar vs Immortal/Phoenix
1 battles found
0.5
Marine/Phoenix vs Viking/Zergling
1 battles found
0.5
Battlecruiser/Mutalisk vs HighTemplar/Infestor
1 battles found
0.5
Battlecruiser/Infestor vs BroodLord/Corruptor
1 battles found
0.5
Banshee/DarkTemplar vs BroodLord/Ultralisk
1 battles found
0.5
DarkTemplar/Roach vs Liberator/SwarmHostBurrowed
1 battles found
0.5
Corruptor/Queen vs Cyclone/SwarmHostBurrowed
1 battles found
0.5
Archon/Queen vs Marine/Stalker
1 battles found
0.5
DarkTemplar/LurkerBurrowed vs Infestor/SwarmHostBurrowed
1 battles found
0.5
Hellion/ThorAP vs Roach/VikingAssault
1 battles found
1.0
Archon/SwarmHostBurrowed vs Ghost/Raven
1 battles found
1.0
Carrier/Phoenix vs Tempest/Zergling
1 battles found
1.0
Carrier/Thor vs HighTemplar/Phoenix
1 battles found
1.0
Corruptor/HighTemplar vs SiegeTankSieged/Tempest
1 battles found
1.0
Battlecruiser/ThorAP vs Carrier/Stalker
1 battles found
1.0
BroodLord/DarkTemplar vs Cyclone/LurkerBurrowed
1 battles found
1.0
HighTemplar/Infestor vs LiberatorAG/Tempest
1 battles found
1.0
DarkTemplar/Queen vs Mothership/SiegeTankSieged
1 battles found
1.0
DarkTemplar/Immortal vs Queen/Raven
1 battles found
1.0
Colossus/Infestor vs Ravager/Tempest
1 battles found
1.0
Carrier/Ultralisk vs Immortal/Viking
1 battles found
1.0
Carrier/DarkTemplar vs Reaper/Zergling
1 battles found
1.0
BroodLord/Liberator vs Mutalisk/Reaper
1 battles found
1.0
BroodLord/Roach vs Colossus/HighTemplar
1 battles found
1.0
Ghost/Reaper vs Oracle/Zealot
1 battles found
1.0
Marauder/Mothership vs Marine/Roach
1 battles found
1.0
Carrier/Roach vs HighTemplar/Infestor
1 battles found
1.0
Adept/Carrier vs Mothership/SwarmHostBurrowed
1 battles found
1.0
HighTemplar/Zergling vs Marine/VoidRay
1 battles found
1.0
Banshee/Hellion vs Colossus/Zealot
1 battles found
1.0
Carrier/HighTemplar vs Phoenix/Stalker
1 battles found
1.0
DarkTemplar/Infestor vs Marauder/SwarmHostBurrowed
1 battles found
1.0
Baneling/Roach vs Cyclone/Ravager
1 battles found
1.0
Mutalisk/Reaper vs Ravager/Ultralisk
1 battles found
1.0
Baneling/Raven vs Stalker/Zergling
1 battles found
1.0
Adept/Queen vs Corruptor/Infestor
1 battles found
1.0
Banshee/ThorAP vs Roach/Zealot
1 battles found
1.0
Battlecruiser/Tempest vs Mothership/Ultralisk
1 battles found
1.0
Archon/BroodLord vs Hellion/Phoenix
1 battles found
1.0
Adept/Ghost vs Archon/Colossus
1 battles found
1.0
Baneling/VoidRay vs Ghost/Queen
1 battles found
1.0
Baneling/Battlecruiser vs Immortal/Stalker
1 battles found
1.0
Mutalisk/Phoenix vs Oracle/SiegeTank
1 battles found
1.0
Corruptor/HighTemplar vs Hydralisk/Thor
1 battles found
1.0
BattleHellion/DarkTemplar vs Ghost/Queen
1 battles found
1.0
BroodLord/Thor vs Raven/SwarmHostBurrowed
1 battles found
1.0
Archon/Ghost vs BroodLord/Marine
1 battles found
1.0
Ghost/Hydralisk vs Infestor/Stalker
1 battles found
1.0
Carrier/VoidRay vs Phoenix/Roach
1 battles found
1.0
Carrier/SwarmHostBurrowed vs Colossus/WidowMineBurrowed
1 battles found
1.0
BroodLord/VikingAssault vs Cyclone/Hellion
1 battles found
1.0
Ghost/Raven vs Marauder/Mutalisk
1 battles found
1.0
Archon/Immortal vs LiberatorAG/Raven
1 battles found
1.0
DarkTemplar/SwarmHostBurrowed vs Hydralisk/ThorAP
1 battles found
1.0
Carrier/Corruptor vs Colossus/Ravager
1 battles found
1.0
Battlecruiser/Raven vs Hellion/Viking
1 battles found
1.0
Battlecruiser/DarkTemplar vs ThorAP/Ultralisk
1 battles found
1.0
BroodLord/ThorAP vs Cyclone/Stalker
1 battles found
1.0
Battlecruiser/Oracle vs HighTemplar/SwarmHostBurrowed
1 battles found
1.0
HighTemplar/Queen vs VikingAssault/VoidRay
1 battles found
1.0
Archon/Cyclone vs Queen/VoidRay
1 battles found
1.0
Ghost/Reaper vs Marine/Tempest
1 battles found
1.0
Archon/Infestor vs HighTemplar/LurkerBurrowed
1 battles found
1.0
BattleHellion/Raven vs Battlecruiser/Roach
1 battles found
1.0
Adept/Cyclone vs WidowMineBurrowed/Zealot
1 battles found
1.0
BroodLord/HighTemplar vs DarkTemplar/Stalker
1 battles found
1.0
Archon/Immortal vs Infestor/SwarmHostBurrowed
1 battles found
1.0
Infestor/Stalker vs Reaper/SwarmHostBurrowed
1 battles found
1.0
Colossus/Cyclone vs Hydralisk/SwarmHostBurrowed
1 battles found
1.0
DarkTemplar/VoidRay vs Immortal/Mothership
1 battles found
1.0
Battlecruiser/Immortal vs Colossus/Infestor
1 battles found
1.0
Baneling/Carrier vs Ghost/Mothership
1 battles found
1.0
Archon/Reaper vs Hellion/Marine
1 battles found
1.0
HighTemplar/Tempest vs Raven/Reaper
1 battles found
1.0
DarkTemplar/Queen vs WidowMineBurrowed/Zealot
1 battles found
1.0
Carrier/Ghost vs Marine/Phoenix
1 battles found
1.0
BroodLord/Liberator vs Ghost/Mutalisk
1 battles found
1.0
Immortal/Marine vs LurkerBurrowed/VikingAssault
1 battles found
1.0
Carrier/DarkTemplar vs Marine/Mothership
1 battles found
1.0
Banshee/DarkTemplar vs Colossus/Ghost
1 battles found
1.0
DarkTemplar/Raven vs Queen/VoidRay
1 battles found
1.0
Carrier/Cyclone vs Tempest/Viking
1 battles found
1.0
Battlecruiser/Infestor vs Corruptor/DarkTemplar
1 battles found
1.0
Ghost/Raven vs Immortal/Liberator
1 battles found
1.0
Battlecruiser/Reaper vs BroodLord/HighTemplar
1 battles found
1.0
Baneling/Lurker vs Hydralisk/VikingAssault
1 battles found
1.0
BattleHellion/Phoenix vs Reaper/Zergling
1 battles found
1.0
Battlecruiser/Immortal vs LurkerBurrowed/VoidRay
1 battles found
1.0
Carrier/Reaper vs Oracle/Tempest
1 battles found
1.0
Banshee/Phoenix vs Immortal/Lurker
1 battles found
1.0
Cyclone/Mutalisk vs Ghost/Phoenix
1 battles found
1.0
Infestor/Zergling vs Raven/VoidRay
1 battles found
1.0
Battlecruiser/VoidRay vs Queen/Roach
1 battles found
1.0
Carrier/Ravager vs Roach/Tempest
1 battles found
1.0
Battlecruiser/Colossus vs Carrier/Ghost
1 battles found
1.0
Archon/Ultralisk vs Mothership/Oracle
1 battles found
1.0
DarkTemplar/Infestor vs Hellion/Ravager
1 battles found
1.0
Adept/VoidRay vs Battlecruiser/Oracle
1 battles found
1.0
Banshee/DarkTemplar vs Cyclone/Ultralisk
1 battles found
1.0
Marine/Mothership vs Raven/WidowMine
1 battles found
1.0
Carrier/Reaper vs SiegeTankSieged/Viking
1 battles found
1.0
Carrier/Marine vs Oracle/Tempest
1 battles found
1.0
Colossus/Lurker vs Hydralisk/Marine
1 battles found
1.0
Archon/Marauder vs Hellion/Zergling
1 battles found
1.0
Adept/HighTemplar vs Archon/Corruptor
1 battles found
1.0
Cyclone/DarkTemplar vs Mutalisk/WidowMineBurrowed
1 battles found
1.0
Adept/Mutalisk vs Phoenix/Stalker
1 battles found
1.0
Carrier/Hellion vs Phoenix/SiegeTankSieged
1 battles found
1.0
Banshee/Infestor vs Raven/VoidRay
1 battles found
1.0
Oracle/Thor vs Stalker/VoidRay
1 battles found
1.0
BattleHellion/Oracle vs Colossus/DarkTemplar
1 battles found
1.0
Ghost/Oracle vs Queen/Tempest
1 battles found
1.0
Battlecruiser/Hydralisk vs Marauder/SwarmHostBurrowed
1 battles found
1.0
Cyclone/Marine vs Mothership/ThorAP
1 battles found
1.0
Immortal/Stalker vs Marine/VoidRay
1 battles found
1.0
Battlecruiser/LurkerBurrowed vs Colossus/Ultralisk
1 battles found
1.0
Baneling/Tempest vs Marine/VoidRay
1 battles found
1.0
BroodLord/Infestor vs Immortal/Stalker
1 battles found
1.0
Battlecruiser/Ultralisk vs Carrier/Hydralisk
1 battles found
1.0
Archon/VoidRay vs Oracle/Phoenix
1 battles found
1.0
Baneling/VoidRay vs Banshee/DarkTemplar
1 battles found
1.0
Infestor/Raven vs ThorAP/Viking
1 battles found
1.0
Baneling/Battlecruiser vs Banshee/WidowMineBurrowed
1 battles found
1.0
Immortal/Tempest vs Phoenix/Queen
1 battles found
1.0
Corruptor/Tempest vs Liberator/Viking
1 battles found
1.0
Hydralisk/Queen vs VikingAssault/VoidRay
1 battles found
1.0
Banshee/Battlecruiser vs Marine/SiegeTank
1 battles found
1.0
BroodLord/Marine vs Corruptor/Infestor
1 battles found
1.0
Colossus/Raven vs DarkTemplar/Ultralisk
1 battles found
1.0
Carrier/Infestor vs HighTemplar/Ravager
1 battles found
1.0
Carrier/LiberatorAG vs Hydralisk/Thor
1 battles found
1.0
Baneling/Marauder vs Infestor/VikingAssault
1 battles found
1.0
Banshee/Marine vs LiberatorAG/SiegeTankSieged
1 battles found
1.0
Adept/LiberatorAG vs Cyclone/Zergling
1 battles found
1.0
BattleHellion/Mutalisk vs Marine/WidowMineBurrowed
1 battles found
1.0
Archon/HighTemplar vs Carrier/Marauder
1 battles found
1.0
DarkTemplar/Marauder vs Immortal/Ultralisk
1 battles found
1.0
Archon/Raven vs Corruptor/Zergling
1 battles found
1.0
Carrier/Corruptor vs Cyclone/HighTemplar
1 battles found
1.0
Battlecruiser/Mutalisk vs Reaper/Thor
1 battles found
1.0
Carrier/Marine vs Liberator/Reaper
1 battles found
1.0
Archon/Colossus vs Corruptor/Marine
1 battles found
1.0
Infestor/Raven vs Reaper/Roach
1 battles found
1.0
Carrier/Tempest vs Hydralisk/Stalker
1 battles found
1.0
Carrier/DarkTemplar vs HighTemplar/Roach
1 battles found
1.0
Battlecruiser/SiegeTank vs BroodLord/Phoenix
1 battles found
1.0
Battlecruiser/Ghost vs DarkTemplar/VoidRay
1 battles found
1.0
Archon/Ultralisk vs Tempest/ThorAP
1 battles found
1.0
BroodLord/Carrier vs Colossus/Raven
1 battles found
1.0
Archon/VoidRay vs Banshee/Immortal
1 battles found
1.0
Battlecruiser/Corruptor vs Liberator/Phoenix
1 battles found
1.0
Carrier/Ravager vs DarkTemplar/LurkerBurrowed
1 battles found
1.0
Colossus/Oracle vs Reaper/Zergling
1 battles found
1.0
Hellion/Infestor vs SiegeTankSieged/Stalker
1 battles found
1.0
Battlecruiser/VikingAssault vs HighTemplar/Ultralisk
1 battles found
1.0
Banshee/Liberator vs Colossus/Cyclone
1 battles found
1.0
Baneling/Roach vs SiegeTankSieged/ThorAP
1 battles found
1.0
DarkTemplar/Stalker vs HighTemplar/Ravager
1 battles found
1.0
Archon/Immortal vs Baneling/Stalker
1 battles found
1.0
Ghost/Thor vs Infestor/Raven
1 battles found
1.0
Colossus/Oracle vs Hydralisk/Thor
1 battles found
1.0
Battlecruiser/Hydralisk vs Colossus/Viking
1 battles found
1.0
BroodLord/Immortal vs HighTemplar/ThorAP
1 battles found
1.0
Ghost/Marine vs HighTemplar/Infestor
1 battles found
1.0
Archon/Ultralisk vs Marauder/Ravager
1 battles found
1.0
Carrier/Zergling vs Hydralisk/SwarmHostBurrowed
1 battles found
1.0
Cyclone/Liberator vs Marauder/SiegeTank
1 battles found
1.0
BroodLord/Oracle vs SiegeTank/Thor
1 battles found
1.0
Liberator/Mutalisk vs Raven/Zealot
1 battles found
1.0
Archon/DarkTemplar vs Hellion/WidowMineBurrowed
1 battles found
1.0
Colossus/Raven vs DarkTemplar/Oracle
1 battles found
1.0
Cyclone/Queen vs LiberatorAG/Zealot
1 battles found
1.0
Adept/Ravager vs BattleHellion/Stalker
1 battles found
1.0
Ghost/Hellion vs Immortal/LiberatorAG
1 battles found
1.0
Battlecruiser/LurkerBurrowed vs Ghost/SwarmHostBurrowed
1 battles found
1.0
Adept/Carrier vs Liberator/Stalker
1 battles found
1.0
Colossus/Marine vs Hellion/Infestor
1 battles found
1.0
Liberator/Ravager vs Ultralisk/Zealot
1 battles found
1.0
Hellion/Immortal vs SwarmHostBurrowed/Zergling
1 battles found
1.0
Carrier/DarkTemplar vs Colossus/Marine
1 battles found
1.0
Battlecruiser/Mothership vs HighTemplar/Immortal
1 battles found
1.0
Carrier/Raven vs HighTemplar/Roach
1 battles found
1.0
Adept/Queen vs Hellion/Reaper
1 battles found
1.0
Baneling/Liberator vs Infestor/Reaper
1 battles found
1.0
Carrier/DarkTemplar vs HighTemplar/Reaper
1 battles found
1.0
Colossus/Hellion vs Roach/ThorAP
1 battles found
1.0
Archon/VikingAssault vs Battlecruiser/Ravager
1 battles found
1.0
Archon/Marine vs SwarmHostBurrowed/VoidRay
1 battles found
1.0
Adept/ThorAP vs Baneling/Roach
1 battles found
1.0
Battlecruiser/Liberator vs Lurker/Phoenix
1 battles found
1.0
Infestor/Tempest vs Mothership/Mutalisk
1 battles found
1.0
DarkTemplar/Infestor vs Mutalisk/Zealot
1 battles found
1.0
Archon/Marine vs HighTemplar/Phoenix
1 battles found
1.0
Banshee/SwarmHostBurrowed vs Marine/Stalker
1 battles found
1.0
Archon/SiegeTank vs HighTemplar/VoidRay
1 battles found
1.0
Carrier/Marauder vs Colossus/Marine
1 battles found
1.0
Baneling/ThorAP vs BroodLord/Queen
1 battles found
1.0
Archon/Ghost vs Battlecruiser/SiegeTankSieged
1 battles found
1.0
Adept/Raven vs Cyclone/SwarmHostBurrowed
1 battles found
1.0
Cyclone/Raven vs LurkerBurrowed/Phoenix
1 battles found
1.0
Baneling/Cyclone vs Marine/Ravager
1 battles found
1.0
Battlecruiser/Ravager vs Hellion/Mothership
1 battles found
1.0
DarkTemplar/Infestor vs Marauder/Queen
1 battles found
1.0
Corruptor/Zergling vs Raven/WidowMineBurrowed
1 battles found
1.0
Immortal/Queen vs ThorAP/VoidRay
1 battles found
1.0
Baneling/Stalker vs Marauder/Ultralisk
1 battles found
1.0
Banshee/VikingAssault vs Marine/Roach
1 battles found
1.0
